version: (200506)

available memory: 64M bytes
used memory: 81920 bytes [need 80K bytes if disable swap]

used block: 3 [memory(3) file(0)]
                 [ 8K(2) 64K(1) { total 80K bytes } ]
overhead: (9514) bytes for (3) blocks [Average: (3171) bytes/block]

write  => 0(times) 0K(bytes) [0K bytes to file]
read   => 1(times) 7K(bytes) [1K bytes compressed data from file]
access => 120593(times) 944M(bytes)
          [hit ratio: 99.9992%]

time: write(0) read(0)  unit: second

swap file directory: (/home/pedro.macedo/CI-EXPERT-UVM/workspace/labs/s1/prj/calc4/sim/verdiLog)
used swap file number: (1)



swap file manager:
arrSize: (256)
idxCnt: (3)
closeHead: (1)
closeTail: (2)
openCnt: (2)
fid(2): fd(30) fileName(/home/pedro.macedo/CI-EXPERT-UVM/workspace/labs/s1/prj/calc4/sim/verdiLog/_swap_0001#-382746624#1425238)
	size(0) lastModTime(0) curModTime(1774529470)
	mode(w+b)	hot(0) cool(1) pos(0)
fid(1): fd(1073741824) fileName(/home/pedro.macedo/CI-EXPERT-UVM/workspace/labs/s1/prj/calc4/sim/simv.daidir/kdb.elab++/work.lib++/calc4_tb.sv.tdc)
	size(2258) lastModTime(1774529466) curModTime(1774529466)
	mode(rb)	hot(2) cool(0) pos(0)
fid(0): fd(0) fileName(NULL)
	mode(NULL)	hot(0) cool(0) pos(0)
==================================================
mySelf(0x23d19a80) pre(0x224f9d80) next((nil))
version(200506)
date(Dec  1 2025 00:17:44)
