xrun(64): 23.09-s003: (c) Copyright 1995-2023 Cadence Design Systems, Inc.
TOOL:	xrun(64)	23.09-s003: Started on Mar 24, 2026 at 11:56:13 -03
xrun
	calc4.sv
file: calc4.sv
	module worklib.calc4:sv
		errors: 0, warnings: 0
		Caching library 'worklib' ....... Done
	Elaborating the design hierarchy:
	Top level design units:
		calc4
	Building instance overlay tables: .................... Done
	Generating native compiled code:
		worklib.calc4:sv <0x10964dfe>
			streams:   0, words:     0
	Building instance specific data structures.
	Loading native compiled code:     .................... Done
	Design hierarchy summary:
		        Instances  Unique
		Modules:        1       1
		Registers:      1       1
		Always blocks:  1       1
	Writing initial simulation snapshot: worklib.calc4:sv
Loading snapshot worklib.calc4:sv .................... Done
xcelium> source /Tools/cadence/XCELIUM2309/tools/xcelium/files/xmsimrc
xcelium> run
xmsim: *W,RNQUIE: Simulation is complete.
xcelium> exit
TOOL:	xrun(64)	23.09-s003: Exiting on Mar 24, 2026 at 11:56:14 -03  (total: 00:00:01)
